<?xml version="1.0" encoding="UTF-8"?>
<!-- Generated by org.testng.reporters.JUnitXMLReporter -->
<testsuite hostname="ertugrul" ignored="4" name="com.inar-academy-selenium.maven" tests="29" failures="5" timestamp="2023-01-05T23:27:16 EET" time="0.085" errors="0">
  <testcase name="mobileSignOutCarLoan" time="0.003" classname="TestNGTutorials.days.day3"/>
  <testcase name="webLoginCarLoan" time="0.0" classname="TestNGTutorials.days.day3"/>
  <testcase name="mobileLoginCarLoan" time="0.001" classname="TestNGTutorials.days.day3"/>
  <testcase name="APICarLoan" time="0.0" classname="TestNGTutorials.days.day3"/>
  <testcase name="mobileLoginCarLoan" time="0.0" classname="TestNGTutorials.daysEdited.day3_API"/>
  <testcase name="mobileSignOutCarLoan" time="0.001" classname="TestNGTutorials.daysEdited.day3_API"/>
  <testcase name="webLoginCarLoan" time="0.0" classname="TestNGTutorials.daysEdited.day3_API">
    <failure type="org.testng.TestNGException" message="
Parameter &amp;apos;URL&amp;apos; is required by @Test on method webLoginCarLoan but has not been marked @Optional or defined
in C:\Users\90543\AppData\Local\JetBrains\IntelliJIdea2022.2\temp-testng-customsuite.xml">
      <![CDATA[org.testng.TestNGException: 
Parameter 'URL' is required by @Test on method webLoginCarLoan but has not been marked @Optional or defined
in C:\Users\90543\AppData\Local\JetBrains\IntelliJIdea2022.2\temp-testng-customsuite.xml
at java.util.ArrayList.forEach(ArrayList.java:1249)
at com.intellij.rt.testng.IDEARemoteTestNG.run(IDEARemoteTestNG.java:66)
at com.intellij.rt.testng.RemoteTestNGStarter.main(RemoteTestNGStarter.java:109)
... Removed 23 stack frames]]>
    </failure>
  </testcase> <!-- webLoginCarLoan -->
  <testcase name="APICarLoan" time="0.0" classname="TestNGTutorials.daysEdited.day3_API">
    <skipped/>
  </testcase> <!-- APICarLoan -->
  <testcase name="mobileLoginCarLoan" time="0.0" classname="TestNGTutorials.daysEdited.day3_DataProvider"/>
  <testcase name="mobileSignOutCarLoan" time="0.0" classname="TestNGTutorials.daysEdited.day3_DataProvider"/>
  <testcase name="mobileSignOutCarLoan" time="0.001" classname="TestNGTutorials.daysEdited.day3_DataProvider"/>
  <testcase name="mobileSignOutCarLoan" time="0.001" classname="TestNGTutorials.daysEdited.day3_DataProvider"/>
  <testcase name="webLoginCarLoan" time="0.0" classname="TestNGTutorials.daysEdited.day3_DataProvider">
    <failure type="org.testng.TestNGException" message="
Parameter &amp;apos;URL&amp;apos; is required by @Test on method webLoginCarLoan but has not been marked @Optional or defined
in C:\Users\90543\AppData\Local\JetBrains\IntelliJIdea2022.2\temp-testng-customsuite.xml">
      <![CDATA[org.testng.TestNGException: 
Parameter 'URL' is required by @Test on method webLoginCarLoan but has not been marked @Optional or defined
in C:\Users\90543\AppData\Local\JetBrains\IntelliJIdea2022.2\temp-testng-customsuite.xml
at java.util.ArrayList.forEach(ArrayList.java:1249)
at com.intellij.rt.testng.IDEARemoteTestNG.run(IDEARemoteTestNG.java:66)
at com.intellij.rt.testng.RemoteTestNGStarter.main(RemoteTestNGStarter.java:109)
... Removed 23 stack frames]]>
    </failure>
  </testcase> <!-- webLoginCarLoan -->
  <testcase name="APICarLoan" time="0.0" classname="TestNGTutorials.daysEdited.day3_DataProvider">
    <skipped/>
  </testcase> <!-- APICarLoan -->
  <testcase name="mobileLoginCarLoan" time="0.0" classname="TestNGTutorials.daysEdited.day3_Params"/>
  <testcase name="mobileSignOutCarLoan" time="0.001" classname="TestNGTutorials.daysEdited.day3_Params"/>
  <testcase name="webLoginCarLoan" time="0.0" classname="TestNGTutorials.daysEdited.day3_Params">
    <failure type="org.testng.TestNGException" message="
Parameter &amp;apos;URL&amp;apos; is required by @Test on method webLoginCarLoan but has not been marked @Optional or defined
in C:\Users\90543\AppData\Local\JetBrains\IntelliJIdea2022.2\temp-testng-customsuite.xml">
      <![CDATA[org.testng.TestNGException: 
Parameter 'URL' is required by @Test on method webLoginCarLoan but has not been marked @Optional or defined
in C:\Users\90543\AppData\Local\JetBrains\IntelliJIdea2022.2\temp-testng-customsuite.xml
at java.util.ArrayList.forEach(ArrayList.java:1249)
at com.intellij.rt.testng.IDEARemoteTestNG.run(IDEARemoteTestNG.java:66)
at com.intellij.rt.testng.RemoteTestNGStarter.main(RemoteTestNGStarter.java:109)
... Removed 23 stack frames]]>
    </failure>
  </testcase> <!-- webLoginCarLoan -->
  <testcase name="APICarLoan" time="0.0" classname="TestNGTutorials.daysEdited.day3_Params">
    <skipped/>
  </testcase> <!-- APICarLoan -->
  <testcase name="Demo" time="0.0" classname="TestNGTutorials.days.day1"/>
  <testcase name="SecondTest" time="0.0" classname="TestNGTutorials.days.day1"/>
  <testcase name="Demo" time="0.004" classname="TestNGTutorials.daysEdited.day1_ListenersFailed">
    <failure type="java.lang.AssertionError" message="expected [true] but found [false]">
      <![CDATA[java.lang.AssertionError: expected [true] but found [false]
at TestNGTutorials.daysEdited.day1_ListenersFailed.Demo(day1_ListenersFailed.java:13)
at java.util.ArrayList.forEach(ArrayList.java:1249)
at com.intellij.rt.testng.IDEARemoteTestNG.run(IDEARemoteTestNG.java:66)
at com.intellij.rt.testng.RemoteTestNGStarter.main(RemoteTestNGStarter.java:109)
... Removed 28 stack frames]]>
    </failure>
  </testcase> <!-- Demo -->
  <testcase name="SecondTest" time="0.0" classname="TestNGTutorials.daysEdited.day1_ListenersFailed"/>
  <testcase name="loan" time="0.0" classname="TestNGTutorials.days.day2"/>
  <testcase name="LoginAPIHomeLoan" time="0.0" classname="TestNGTutorials.days.day4"/>
  <testcase name="mobileLoginHomeLoan" time="0.0" classname="TestNGTutorials.days.day4"/>
  <testcase name="webLoginHomeLoan" time="0.0" classname="TestNGTutorials.days.day4"/>
  <testcase name="LoginAPIHomeLoan" time="0.0" classname="TestNGTutorials.daysEdited.day4_WithParams"/>
  <testcase name="mobileLoginHomeLoan" time="0.0" classname="TestNGTutorials.daysEdited.day4_WithParams"/>
  <testcase name="webLoginHomeLoan" time="0.0" classname="TestNGTutorials.daysEdited.day4_WithParams">
    <failure type="org.testng.TestNGException" message="
Parameter &amp;apos;URL&amp;apos; is required by @Test on method webLoginHomeLoan but has not been marked @Optional or defined
in C:\Users\90543\AppData\Local\JetBrains\IntelliJIdea2022.2\temp-testng-customsuite.xml">
      <![CDATA[org.testng.TestNGException: 
Parameter 'URL' is required by @Test on method webLoginHomeLoan but has not been marked @Optional or defined
in C:\Users\90543\AppData\Local\JetBrains\IntelliJIdea2022.2\temp-testng-customsuite.xml
at java.util.ArrayList.forEach(ArrayList.java:1249)
at com.intellij.rt.testng.IDEARemoteTestNG.run(IDEARemoteTestNG.java:66)
at com.intellij.rt.testng.RemoteTestNGStarter.main(RemoteTestNGStarter.java:109)
... Removed 23 stack frames]]>
    </failure>
  </testcase> <!-- webLoginHomeLoan -->
  <testcase name="mobileSignInCarLoan" time="0.0" classname="TestNGTutorials.daysEdited.day3_API">
    <ignored/>
  </testcase> <!-- mobileSignInCarLoan -->
  <testcase name="mobileSignInCarLoan" time="0.0" classname="TestNGTutorials.days.day3">
    <ignored/>
  </testcase> <!-- mobileSignInCarLoan -->
  <testcase name="mobileSignInCarLoan" time="0.0" classname="TestNGTutorials.daysEdited.day3_DataProvider">
    <ignored/>
  </testcase> <!-- mobileSignInCarLoan -->
  <testcase name="mobileSignInCarLoan" time="0.0" classname="TestNGTutorials.daysEdited.day3_Params">
    <ignored/>
  </testcase> <!-- mobileSignInCarLoan -->
</testsuite> <!-- com.inar-academy-selenium.maven -->
