<html>
<head>
<title>TestNG:  com.inar-academy-selenium.maven</title>
<link href="../testng.css" rel="stylesheet" type="text/css" />
<link href="../my-testng.css" rel="stylesheet" type="text/css" />

<style type="text/css">
.log { display: none;} 
.stack-trace { display: none;} 
</style>
<script type="text/javascript">
<!--
function flip(e) {
  current = e.style.display;
  if (current == 'block') {
    e.style.display = 'none';
    return 0;
  }
  else {
    e.style.display = 'block';
    return 1;
  }
}

function toggleBox(szDivId, elem, msg1, msg2)
{
  var res = -1;  if (document.getElementById) {
    res = flip(document.getElementById(szDivId));
  }
  else if (document.all) {
    // this is the way old msie versions work
    res = flip(document.all[szDivId]);
  }
  if(elem) {
    if(res == 0) elem.innerHTML = msg1; else elem.innerHTML = msg2;
  }

}

function toggleAllBoxes() {
  if (document.getElementsByTagName) {
    d = document.getElementsByTagName('div');
    for (i = 0; i < d.length; i++) {
      if (d[i].className == 'log') {
        flip(d[i]);
      }
    }
  }
}

// -->
</script>

</head>
<body>
<h2 align='center'>com.inar-academy-selenium.maven</h2><table border='1' align="center">
<tr>
<td>Tests passed/Failed/Skipped:</td><td>21/5/3</td>
</tr><tr>
<td>Started on:</td><td>Thu Jan 05 23:27:16 EET 2023</td>
</tr>
<tr><td>Total time:</td><td>0 seconds (85 ms)</td>
</tr><tr>
<td>Included groups:</td><td></td>
</tr><tr>
<td>Excluded groups:</td><td></td>
</tr>
</table><p/>
<small><i>(Hover the method name to see the test class name)</i></small><p/>
<table width='100%' border='1' class='invocation-failed'>
<tr><td colspan='4' align='center'><b>FAILED TESTS</b></td></tr>
<tr><td><b>Test method</b></td>
<td width="30%"><b>Exception</b></td>
<td width="10%"><b>Time (seconds)</b></td>
<td><b>Instance</b></td>
</tr>
<tr>
<td title='TestNGTutorials.daysEdited.day4_WithParams.webLoginHomeLoan()'><b>webLoginHomeLoan</b><br>Test class: TestNGTutorials.daysEdited.day4_WithParams</td>
<td><div><pre>org.testng.TestNGException: 
Parameter &apos;URL&apos; is required by @Test on method webLoginHomeLoan but has not been marked @Optional or defined
in C:\Users\90543\AppData\Local\JetBrains\IntelliJIdea2022.2\temp-testng-customsuite.xml
	at java.util.ArrayList.forEach(ArrayList.java:1249)
	at com.intellij.rt.testng.IDEARemoteTestNG.run(IDEARemoteTestNG.java:66)
	at com.intellij.rt.testng.RemoteTestNGStarter.main(RemoteTestNGStarter.java:109)
... Removed 23 stack frames</pre></div><a href='#' onClick='toggleBox("stack-trace673068808", this, "Click to show all stack frames", "Click to hide stack frames")'>Click to show all stack frames</a>
<div class='stack-trace' id='stack-trace673068808'><pre>org.testng.TestNGException: 
Parameter &apos;URL&apos; is required by @Test on method webLoginHomeLoan but has not been marked @Optional or defined
in C:\Users\90543\AppData\Local\JetBrains\IntelliJIdea2022.2\temp-testng-customsuite.xml
	at org.testng.internal.Parameters.createParams(Parameters.java:270)
	at org.testng.internal.Parameters.createParametersForMethod(Parameters.java:358)
	at org.testng.internal.Parameters.createParameters(Parameters.java:700)
	at org.testng.internal.Parameters.handleParameters(Parameters.java:884)
	at org.testng.internal.Parameters.handleParameters(Parameters.java:740)
	at org.testng.internal.ParameterHandler.handleParameters(ParameterHandler.java:59)
	at org.testng.internal.ParameterHandler.createParameters(ParameterHandler.java:38)
	at org.testng.internal.TestInvoker$MethodInvocationAgent.invoke(TestInvoker.java:791)
	at org.testng.internal.TestInvoker.invokeTestMethods(TestInvoker.java:146)
	at org.testng.internal.TestMethodWorker.invokeTestMethods(TestMethodWorker.java:146)
	at org.testng.internal.TestMethodWorker.run(TestMethodWorker.java:128)
	at java.util.ArrayList.forEach(ArrayList.java:1249)
	at org.testng.TestRunner.privateRun(TestRunner.java:794)
	at org.testng.TestRunner.run(TestRunner.java:596)
	at org.testng.SuiteRunner.runTest(SuiteRunner.java:377)
	at org.testng.SuiteRunner.runSequentially(SuiteRunner.java:371)
	at org.testng.SuiteRunner.privateRun(SuiteRunner.java:332)
	at org.testng.SuiteRunner.run(SuiteRunner.java:276)
	at org.testng.SuiteRunnerWorker.runSuite(SuiteRunnerWorker.java:53)
	at org.testng.SuiteRunnerWorker.run(SuiteRunnerWorker.java:96)
	at org.testng.TestNG.runSuitesSequentially(TestNG.java:1212)
	at org.testng.TestNG.runSuitesLocally(TestNG.java:1134)
	at org.testng.TestNG.runSuites(TestNG.java:1063)
	at org.testng.TestNG.run(TestNG.java:1031)
	at com.intellij.rt.testng.IDEARemoteTestNG.run(IDEARemoteTestNG.java:66)
	at com.intellij.rt.testng.RemoteTestNGStarter.main(RemoteTestNGStarter.java:109)
</pre></div></td>
<td>0</td>
<td>TestNGTutorials.daysEdited.day4_WithParams@4f970963</td></tr>
<tr>
<td title='TestNGTutorials.daysEdited.day3_Params.webLoginCarLoan()'><b>webLoginCarLoan</b><br>Test class: TestNGTutorials.daysEdited.day3_Params</td>
<td><div><pre>org.testng.TestNGException: 
Parameter &apos;URL&apos; is required by @Test on method webLoginCarLoan but has not been marked @Optional or defined
in C:\Users\90543\AppData\Local\JetBrains\IntelliJIdea2022.2\temp-testng-customsuite.xml
	at java.util.ArrayList.forEach(ArrayList.java:1249)
	at com.intellij.rt.testng.IDEARemoteTestNG.run(IDEARemoteTestNG.java:66)
	at com.intellij.rt.testng.RemoteTestNGStarter.main(RemoteTestNGStarter.java:109)
... Removed 23 stack frames</pre></div><a href='#' onClick='toggleBox("stack-trace832279283", this, "Click to show all stack frames", "Click to hide stack frames")'>Click to show all stack frames</a>
<div class='stack-trace' id='stack-trace832279283'><pre>org.testng.TestNGException: 
Parameter &apos;URL&apos; is required by @Test on method webLoginCarLoan but has not been marked @Optional or defined
in C:\Users\90543\AppData\Local\JetBrains\IntelliJIdea2022.2\temp-testng-customsuite.xml
	at org.testng.internal.Parameters.createParams(Parameters.java:270)
	at org.testng.internal.Parameters.createParametersForMethod(Parameters.java:358)
	at org.testng.internal.Parameters.createParameters(Parameters.java:700)
	at org.testng.internal.Parameters.handleParameters(Parameters.java:884)
	at org.testng.internal.Parameters.handleParameters(Parameters.java:740)
	at org.testng.internal.ParameterHandler.handleParameters(ParameterHandler.java:59)
	at org.testng.internal.ParameterHandler.createParameters(ParameterHandler.java:38)
	at org.testng.internal.TestInvoker$MethodInvocationAgent.invoke(TestInvoker.java:791)
	at org.testng.internal.TestInvoker.invokeTestMethods(TestInvoker.java:146)
	at org.testng.internal.TestMethodWorker.invokeTestMethods(TestMethodWorker.java:146)
	at org.testng.internal.TestMethodWorker.run(TestMethodWorker.java:128)
	at java.util.ArrayList.forEach(ArrayList.java:1249)
	at org.testng.TestRunner.privateRun(TestRunner.java:794)
	at org.testng.TestRunner.run(TestRunner.java:596)
	at org.testng.SuiteRunner.runTest(SuiteRunner.java:377)
	at org.testng.SuiteRunner.runSequentially(SuiteRunner.java:371)
	at org.testng.SuiteRunner.privateRun(SuiteRunner.java:332)
	at org.testng.SuiteRunner.run(SuiteRunner.java:276)
	at org.testng.SuiteRunnerWorker.runSuite(SuiteRunnerWorker.java:53)
	at org.testng.SuiteRunnerWorker.run(SuiteRunnerWorker.java:96)
	at org.testng.TestNG.runSuitesSequentially(TestNG.java:1212)
	at org.testng.TestNG.runSuitesLocally(TestNG.java:1134)
	at org.testng.TestNG.runSuites(TestNG.java:1063)
	at org.testng.TestNG.run(TestNG.java:1031)
	at com.intellij.rt.testng.IDEARemoteTestNG.run(IDEARemoteTestNG.java:66)
	at com.intellij.rt.testng.RemoteTestNGStarter.main(RemoteTestNGStarter.java:109)
</pre></div></td>
<td>0</td>
<td>TestNGTutorials.daysEdited.day3_Params@6325a3ee</td></tr>
<tr>
<td title='TestNGTutorials.daysEdited.day3_DataProvider.webLoginCarLoan()'><b>webLoginCarLoan</b><br>Test class: TestNGTutorials.daysEdited.day3_DataProvider</td>
<td><div><pre>org.testng.TestNGException: 
Parameter &apos;URL&apos; is required by @Test on method webLoginCarLoan but has not been marked @Optional or defined
in C:\Users\90543\AppData\Local\JetBrains\IntelliJIdea2022.2\temp-testng-customsuite.xml
	at java.util.ArrayList.forEach(ArrayList.java:1249)
	at com.intellij.rt.testng.IDEARemoteTestNG.run(IDEARemoteTestNG.java:66)
	at com.intellij.rt.testng.RemoteTestNGStarter.main(RemoteTestNGStarter.java:109)
... Removed 23 stack frames</pre></div><a href='#' onClick='toggleBox("stack-trace811760110", this, "Click to show all stack frames", "Click to hide stack frames")'>Click to show all stack frames</a>
<div class='stack-trace' id='stack-trace811760110'><pre>org.testng.TestNGException: 
Parameter &apos;URL&apos; is required by @Test on method webLoginCarLoan but has not been marked @Optional or defined
in C:\Users\90543\AppData\Local\JetBrains\IntelliJIdea2022.2\temp-testng-customsuite.xml
	at org.testng.internal.Parameters.createParams(Parameters.java:270)
	at org.testng.internal.Parameters.createParametersForMethod(Parameters.java:358)
	at org.testng.internal.Parameters.createParameters(Parameters.java:700)
	at org.testng.internal.Parameters.handleParameters(Parameters.java:884)
	at org.testng.internal.Parameters.handleParameters(Parameters.java:740)
	at org.testng.internal.ParameterHandler.handleParameters(ParameterHandler.java:59)
	at org.testng.internal.ParameterHandler.createParameters(ParameterHandler.java:38)
	at org.testng.internal.TestInvoker$MethodInvocationAgent.invoke(TestInvoker.java:791)
	at org.testng.internal.TestInvoker.invokeTestMethods(TestInvoker.java:146)
	at org.testng.internal.TestMethodWorker.invokeTestMethods(TestMethodWorker.java:146)
	at org.testng.internal.TestMethodWorker.run(TestMethodWorker.java:128)
	at java.util.ArrayList.forEach(ArrayList.java:1249)
	at org.testng.TestRunner.privateRun(TestRunner.java:794)
	at org.testng.TestRunner.run(TestRunner.java:596)
	at org.testng.SuiteRunner.runTest(SuiteRunner.java:377)
	at org.testng.SuiteRunner.runSequentially(SuiteRunner.java:371)
	at org.testng.SuiteRunner.privateRun(SuiteRunner.java:332)
	at org.testng.SuiteRunner.run(SuiteRunner.java:276)
	at org.testng.SuiteRunnerWorker.runSuite(SuiteRunnerWorker.java:53)
	at org.testng.SuiteRunnerWorker.run(SuiteRunnerWorker.java:96)
	at org.testng.TestNG.runSuitesSequentially(TestNG.java:1212)
	at org.testng.TestNG.runSuitesLocally(TestNG.java:1134)
	at org.testng.TestNG.runSuites(TestNG.java:1063)
	at org.testng.TestNG.run(TestNG.java:1031)
	at com.intellij.rt.testng.IDEARemoteTestNG.run(IDEARemoteTestNG.java:66)
	at com.intellij.rt.testng.RemoteTestNGStarter.main(RemoteTestNGStarter.java:109)
</pre></div></td>
<td>0</td>
<td>TestNGTutorials.daysEdited.day3_DataProvider@3a5ed7a6</td></tr>
<tr>
<td title='TestNGTutorials.daysEdited.day3_API.webLoginCarLoan()'><b>webLoginCarLoan</b><br>Test class: TestNGTutorials.daysEdited.day3_API</td>
<td><div><pre>org.testng.TestNGException: 
Parameter &apos;URL&apos; is required by @Test on method webLoginCarLoan but has not been marked @Optional or defined
in C:\Users\90543\AppData\Local\JetBrains\IntelliJIdea2022.2\temp-testng-customsuite.xml
	at java.util.ArrayList.forEach(ArrayList.java:1249)
	at com.intellij.rt.testng.IDEARemoteTestNG.run(IDEARemoteTestNG.java:66)
	at com.intellij.rt.testng.RemoteTestNGStarter.main(RemoteTestNGStarter.java:109)
... Removed 23 stack frames</pre></div><a href='#' onClick='toggleBox("stack-trace2024542466", this, "Click to show all stack frames", "Click to hide stack frames")'>Click to show all stack frames</a>
<div class='stack-trace' id='stack-trace2024542466'><pre>org.testng.TestNGException: 
Parameter &apos;URL&apos; is required by @Test on method webLoginCarLoan but has not been marked @Optional or defined
in C:\Users\90543\AppData\Local\JetBrains\IntelliJIdea2022.2\temp-testng-customsuite.xml
	at org.testng.internal.Parameters.createParams(Parameters.java:270)
	at org.testng.internal.Parameters.createParametersForMethod(Parameters.java:358)
	at org.testng.internal.Parameters.createParameters(Parameters.java:700)
	at org.testng.internal.Parameters.handleParameters(Parameters.java:884)
	at org.testng.internal.Parameters.handleParameters(Parameters.java:740)
	at org.testng.internal.ParameterHandler.handleParameters(ParameterHandler.java:59)
	at org.testng.internal.ParameterHandler.createParameters(ParameterHandler.java:38)
	at org.testng.internal.TestInvoker$MethodInvocationAgent.invoke(TestInvoker.java:791)
	at org.testng.internal.TestInvoker.invokeTestMethods(TestInvoker.java:146)
	at org.testng.internal.TestMethodWorker.invokeTestMethods(TestMethodWorker.java:146)
	at org.testng.internal.TestMethodWorker.run(TestMethodWorker.java:128)
	at java.util.ArrayList.forEach(ArrayList.java:1249)
	at org.testng.TestRunner.privateRun(TestRunner.java:794)
	at org.testng.TestRunner.run(TestRunner.java:596)
	at org.testng.SuiteRunner.runTest(SuiteRunner.java:377)
	at org.testng.SuiteRunner.runSequentially(SuiteRunner.java:371)
	at org.testng.SuiteRunner.privateRun(SuiteRunner.java:332)
	at org.testng.SuiteRunner.run(SuiteRunner.java:276)
	at org.testng.SuiteRunnerWorker.runSuite(SuiteRunnerWorker.java:53)
	at org.testng.SuiteRunnerWorker.run(SuiteRunnerWorker.java:96)
	at org.testng.TestNG.runSuitesSequentially(TestNG.java:1212)
	at org.testng.TestNG.runSuitesLocally(TestNG.java:1134)
	at org.testng.TestNG.runSuites(TestNG.java:1063)
	at org.testng.TestNG.run(TestNG.java:1031)
	at com.intellij.rt.testng.IDEARemoteTestNG.run(IDEARemoteTestNG.java:66)
	at com.intellij.rt.testng.RemoteTestNGStarter.main(RemoteTestNGStarter.java:109)
</pre></div></td>
<td>0</td>
<td>TestNGTutorials.daysEdited.day3_API@7791a895</td></tr>
<tr>
<td title='TestNGTutorials.daysEdited.day1_ListenersFailed.Demo()'><b>Demo</b><br>Test class: TestNGTutorials.daysEdited.day1_ListenersFailed</td>
<td><div><pre>java.lang.AssertionError: expected [true] but found [false]
	at TestNGTutorials.daysEdited.day1_ListenersFailed.Demo(day1_ListenersFailed.java:13)
	at java.util.ArrayList.forEach(ArrayList.java:1249)
	at com.intellij.rt.testng.IDEARemoteTestNG.run(IDEARemoteTestNG.java:66)
	at com.intellij.rt.testng.RemoteTestNGStarter.main(RemoteTestNGStarter.java:109)
... Removed 28 stack frames</pre></div><a href='#' onClick='toggleBox("stack-trace1338841523", this, "Click to show all stack frames", "Click to hide stack frames")'>Click to show all stack frames</a>
<div class='stack-trace' id='stack-trace1338841523'><pre>java.lang.AssertionError: expected [true] but found [false]
	at org.testng.Assert.fail(Assert.java:99)
	at org.testng.Assert.failNotEquals(Assert.java:1037)
	at org.testng.Assert.assertTrue(Assert.java:45)
	at org.testng.Assert.assertTrue(Assert.java:55)
	at TestNGTutorials.daysEdited.day1_ListenersFailed.Demo(day1_ListenersFailed.java:13)
	at sun.reflect.NativeMethodAccessorImpl.invoke0(Native Method)
	at sun.reflect.NativeMethodAccessorImpl.invoke(NativeMethodAccessorImpl.java:62)
	at sun.reflect.DelegatingMethodAccessorImpl.invoke(DelegatingMethodAccessorImpl.java:43)
	at java.lang.reflect.Method.invoke(Method.java:498)
	at org.testng.internal.MethodInvocationHelper.invokeMethod(MethodInvocationHelper.java:133)
	at org.testng.internal.TestInvoker.invokeMethod(TestInvoker.java:598)
	at org.testng.internal.TestInvoker.invokeTestMethod(TestInvoker.java:173)
	at org.testng.internal.MethodRunner.runInSequence(MethodRunner.java:46)
	at org.testng.internal.TestInvoker$MethodInvocationAgent.invoke(TestInvoker.java:824)
	at org.testng.internal.TestInvoker.invokeTestMethods(TestInvoker.java:146)
	at org.testng.internal.TestMethodWorker.invokeTestMethods(TestMethodWorker.java:146)
	at org.testng.internal.TestMethodWorker.run(TestMethodWorker.java:128)
	at java.util.ArrayList.forEach(ArrayList.java:1249)
	at org.testng.TestRunner.privateRun(TestRunner.java:794)
	at org.testng.TestRunner.run(TestRunner.java:596)
	at org.testng.SuiteRunner.runTest(SuiteRunner.java:377)
	at org.testng.SuiteRunner.runSequentially(SuiteRunner.java:371)
	at org.testng.SuiteRunner.privateRun(SuiteRunner.java:332)
	at org.testng.SuiteRunner.run(SuiteRunner.java:276)
	at org.testng.SuiteRunnerWorker.runSuite(SuiteRunnerWorker.java:53)
	at org.testng.SuiteRunnerWorker.run(SuiteRunnerWorker.java:96)
	at org.testng.TestNG.runSuitesSequentially(TestNG.java:1212)
	at org.testng.TestNG.runSuitesLocally(TestNG.java:1134)
	at org.testng.TestNG.runSuites(TestNG.java:1063)
	at org.testng.TestNG.run(TestNG.java:1031)
	at com.intellij.rt.testng.IDEARemoteTestNG.run(IDEARemoteTestNG.java:66)
	at com.intellij.rt.testng.RemoteTestNGStarter.main(RemoteTestNGStarter.java:109)
</pre></div></td>
<td>0</td>
<td>TestNGTutorials.daysEdited.day1_ListenersFailed@67b92f0a</td></tr>
</table><p>
<table width='100%' border='1' class='invocation-passed'>
<tr><td colspan='4' align='center'><b>PASSED TESTS</b></td></tr>
<tr><td><b>Test method</b></td>
<td width="30%"><b>Exception</b></td>
<td width="10%"><b>Time (seconds)</b></td>
<td><b>Instance</b></td>
</tr>
<tr>
<td title='TestNGTutorials.daysEdited.day3_DataProvider.mobileSignOutCarLoan()'><b>mobileSignOutCarLoan</b><br>Test class: TestNGTutorials.daysEdited.day3_DataProvider<br>Parameters: firstUserName, firstPassword</td>
<td></td>
<td>0</td>
<td>TestNGTutorials.daysEdited.day3_DataProvider@3a5ed7a6</td></tr>
<tr>
<td title='TestNGTutorials.days.day3.APICarLoan()'><b>APICarLoan</b><br>Test class: TestNGTutorials.days.day3</td>
<td></td>
<td>0</td>
<td>TestNGTutorials.days.day3@57536d79</td></tr>
<tr>
<td title='TestNGTutorials.daysEdited.day3_DataProvider.mobileSignOutCarLoan()'><b>mobileSignOutCarLoan</b><br>Test class: TestNGTutorials.daysEdited.day3_DataProvider<br>Parameters: thirdUserName, thirdPassword</td>
<td></td>
<td>0</td>
<td>TestNGTutorials.daysEdited.day3_DataProvider@3a5ed7a6</td></tr>
<tr>
<td title='TestNGTutorials.days.day3.webLoginCarLoan()'><b>webLoginCarLoan</b><br>Test class: TestNGTutorials.days.day3</td>
<td></td>
<td>0</td>
<td>TestNGTutorials.days.day3@57536d79</td></tr>
<tr>
<td title='TestNGTutorials.daysEdited.day4_WithParams.mobileLoginHomeLoan()'><b>mobileLoginHomeLoan</b><br>Test class: TestNGTutorials.daysEdited.day4_WithParams</td>
<td></td>
<td>0</td>
<td>TestNGTutorials.daysEdited.day4_WithParams@4f970963</td></tr>
<tr>
<td title='TestNGTutorials.days.day1.Demo()'><b>Demo</b><br>Test class: TestNGTutorials.days.day1</td>
<td></td>
<td>0</td>
<td>TestNGTutorials.days.day1@1d16f93d</td></tr>
<tr>
<td title='TestNGTutorials.daysEdited.day1_ListenersFailed.SecondTest()'><b>SecondTest</b><br>Test class: TestNGTutorials.daysEdited.day1_ListenersFailed</td>
<td></td>
<td>0</td>
<td>TestNGTutorials.daysEdited.day1_ListenersFailed@67b92f0a</td></tr>
<tr>
<td title='TestNGTutorials.daysEdited.day4_WithParams.LoginAPIHomeLoan()'><b>LoginAPIHomeLoan</b><br>Test class: TestNGTutorials.daysEdited.day4_WithParams</td>
<td></td>
<td>0</td>
<td>TestNGTutorials.daysEdited.day4_WithParams@4f970963</td></tr>
<tr>
<td title='TestNGTutorials.days.day4.webLoginHomeLoan()'><b>webLoginHomeLoan</b><br>Test class: TestNGTutorials.days.day4</td>
<td></td>
<td>0</td>
<td>TestNGTutorials.days.day4@65e2dbf3</td></tr>
<tr>
<td title='TestNGTutorials.daysEdited.day3_API.mobileLoginCarLoan()'><b>mobileLoginCarLoan</b><br>Test class: TestNGTutorials.daysEdited.day3_API</td>
<td></td>
<td>0</td>
<td>TestNGTutorials.daysEdited.day3_API@7791a895</td></tr>
<tr>
<td title='TestNGTutorials.days.day4.mobileLoginHomeLoan()'><b>mobileLoginHomeLoan</b><br>Test class: TestNGTutorials.days.day4</td>
<td></td>
<td>0</td>
<td>TestNGTutorials.days.day4@65e2dbf3</td></tr>
<tr>
<td title='TestNGTutorials.days.day2.loan()'><b>loan</b><br>Test class: TestNGTutorials.days.day2</td>
<td></td>
<td>0</td>
<td>TestNGTutorials.days.day2@2b9627bc</td></tr>
<tr>
<td title='TestNGTutorials.days.day3.mobileSignOutCarLoan()'><b>mobileSignOutCarLoan</b><br>Test class: TestNGTutorials.days.day3</td>
<td></td>
<td>0</td>
<td>TestNGTutorials.days.day3@57536d79</td></tr>
<tr>
<td title='TestNGTutorials.daysEdited.day3_DataProvider.mobileLoginCarLoan()'><b>mobileLoginCarLoan</b><br>Test class: TestNGTutorials.daysEdited.day3_DataProvider</td>
<td></td>
<td>0</td>
<td>TestNGTutorials.daysEdited.day3_DataProvider@3a5ed7a6</td></tr>
<tr>
<td title='TestNGTutorials.daysEdited.day3_Params.mobileLoginCarLoan()'><b>mobileLoginCarLoan</b><br>Test class: TestNGTutorials.daysEdited.day3_Params</td>
<td></td>
<td>0</td>
<td>TestNGTutorials.daysEdited.day3_Params@6325a3ee</td></tr>
<tr>
<td title='TestNGTutorials.days.day3.mobileLoginCarLoan()'><b>mobileLoginCarLoan</b><br>Test class: TestNGTutorials.days.day3</td>
<td></td>
<td>0</td>
<td>TestNGTutorials.days.day3@57536d79</td></tr>
<tr>
<td title='TestNGTutorials.daysEdited.day3_DataProvider.mobileSignOutCarLoan()'><b>mobileSignOutCarLoan</b><br>Test class: TestNGTutorials.daysEdited.day3_DataProvider<br>Parameters: seconUserName, secondPassword</td>
<td></td>
<td>0</td>
<td>TestNGTutorials.daysEdited.day3_DataProvider@3a5ed7a6</td></tr>
<tr>
<td title='TestNGTutorials.daysEdited.day3_API.mobileSignOutCarLoan()'><b>mobileSignOutCarLoan</b><br>Test class: TestNGTutorials.daysEdited.day3_API</td>
<td></td>
<td>0</td>
<td>TestNGTutorials.daysEdited.day3_API@7791a895</td></tr>
<tr>
<td title='TestNGTutorials.daysEdited.day3_Params.mobileSignOutCarLoan()'><b>mobileSignOutCarLoan</b><br>Test class: TestNGTutorials.daysEdited.day3_Params</td>
<td></td>
<td>0</td>
<td>TestNGTutorials.daysEdited.day3_Params@6325a3ee</td></tr>
<tr>
<td title='TestNGTutorials.days.day4.LoginAPIHomeLoan()'><b>LoginAPIHomeLoan</b><br>Test class: TestNGTutorials.days.day4</td>
<td></td>
<td>0</td>
<td>TestNGTutorials.days.day4@65e2dbf3</td></tr>
<tr>
<td title='TestNGTutorials.days.day1.SecondTest()'><b>SecondTest</b><br>Test class: TestNGTutorials.days.day1</td>
<td></td>
<td>0</td>
<td>TestNGTutorials.days.day1@1d16f93d</td></tr>
</table><p>
<table width='100%' border='1' class='invocation-skipped'>
<tr><td colspan='4' align='center'><b>SKIPPED TESTS</b></td></tr>
<tr><td><b>Test method</b></td>
<td width="30%"><b>Exception</b></td>
<td width="10%"><b>Time (seconds)</b></td>
<td><b>Instance</b></td>
</tr>
<tr>
<td title='TestNGTutorials.daysEdited.day3_DataProvider.APICarLoan()'><b>APICarLoan</b><br>Test class: TestNGTutorials.daysEdited.day3_DataProvider</td>
<td><div><pre>java.lang.Throwable: Method day3_DataProvider.APICarLoan()[pri:0, instance:TestNGTutorials.daysEdited.day3_DataProvider@3a5ed7a6] depends on not successfully finished methods
	at java.util.ArrayList.forEach(ArrayList.java:1249)
	at com.intellij.rt.testng.IDEARemoteTestNG.run(IDEARemoteTestNG.java:66)
	at com.intellij.rt.testng.RemoteTestNGStarter.main(RemoteTestNGStarter.java:109)
... Removed 15 stack frames</pre></div><a href='#' onClick='toggleBox("stack-trace1415157681", this, "Click to show all stack frames", "Click to hide stack frames")'>Click to show all stack frames</a>
<div class='stack-trace' id='stack-trace1415157681'><pre>java.lang.Throwable: Method day3_DataProvider.APICarLoan()[pri:0, instance:TestNGTutorials.daysEdited.day3_DataProvider@3a5ed7a6] depends on not successfully finished methods
	at org.testng.internal.TestInvoker.invokeTestMethods(TestInvoker.java:102)
	at org.testng.internal.TestMethodWorker.invokeTestMethods(TestMethodWorker.java:146)
	at org.testng.internal.TestMethodWorker.run(TestMethodWorker.java:128)
	at java.util.ArrayList.forEach(ArrayList.java:1249)
	at org.testng.TestRunner.privateRun(TestRunner.java:794)
	at org.testng.TestRunner.run(TestRunner.java:596)
	at org.testng.SuiteRunner.runTest(SuiteRunner.java:377)
	at org.testng.SuiteRunner.runSequentially(SuiteRunner.java:371)
	at org.testng.SuiteRunner.privateRun(SuiteRunner.java:332)
	at org.testng.SuiteRunner.run(SuiteRunner.java:276)
	at org.testng.SuiteRunnerWorker.runSuite(SuiteRunnerWorker.java:53)
	at org.testng.SuiteRunnerWorker.run(SuiteRunnerWorker.java:96)
	at org.testng.TestNG.runSuitesSequentially(TestNG.java:1212)
	at org.testng.TestNG.runSuitesLocally(TestNG.java:1134)
	at org.testng.TestNG.runSuites(TestNG.java:1063)
	at org.testng.TestNG.run(TestNG.java:1031)
	at com.intellij.rt.testng.IDEARemoteTestNG.run(IDEARemoteTestNG.java:66)
	at com.intellij.rt.testng.RemoteTestNGStarter.main(RemoteTestNGStarter.java:109)
</pre></div></td>
<td>0</td>
<td>TestNGTutorials.daysEdited.day3_DataProvider@3a5ed7a6</td></tr>
<tr>
<td title='TestNGTutorials.daysEdited.day3_API.APICarLoan()'><b>APICarLoan</b><br>Test class: TestNGTutorials.daysEdited.day3_API</td>
<td><div><pre>java.lang.Throwable: Method day3_API.APICarLoan()[pri:0, instance:TestNGTutorials.daysEdited.day3_API@7791a895] depends on not successfully finished methods
	at java.util.ArrayList.forEach(ArrayList.java:1249)
	at com.intellij.rt.testng.IDEARemoteTestNG.run(IDEARemoteTestNG.java:66)
	at com.intellij.rt.testng.RemoteTestNGStarter.main(RemoteTestNGStarter.java:109)
... Removed 15 stack frames</pre></div><a href='#' onClick='toggleBox("stack-trace2114874018", this, "Click to show all stack frames", "Click to hide stack frames")'>Click to show all stack frames</a>
<div class='stack-trace' id='stack-trace2114874018'><pre>java.lang.Throwable: Method day3_API.APICarLoan()[pri:0, instance:TestNGTutorials.daysEdited.day3_API@7791a895] depends on not successfully finished methods
	at org.testng.internal.TestInvoker.invokeTestMethods(TestInvoker.java:102)
	at org.testng.internal.TestMethodWorker.invokeTestMethods(TestMethodWorker.java:146)
	at org.testng.internal.TestMethodWorker.run(TestMethodWorker.java:128)
	at java.util.ArrayList.forEach(ArrayList.java:1249)
	at org.testng.TestRunner.privateRun(TestRunner.java:794)
	at org.testng.TestRunner.run(TestRunner.java:596)
	at org.testng.SuiteRunner.runTest(SuiteRunner.java:377)
	at org.testng.SuiteRunner.runSequentially(SuiteRunner.java:371)
	at org.testng.SuiteRunner.privateRun(SuiteRunner.java:332)
	at org.testng.SuiteRunner.run(SuiteRunner.java:276)
	at org.testng.SuiteRunnerWorker.runSuite(SuiteRunnerWorker.java:53)
	at org.testng.SuiteRunnerWorker.run(SuiteRunnerWorker.java:96)
	at org.testng.TestNG.runSuitesSequentially(TestNG.java:1212)
	at org.testng.TestNG.runSuitesLocally(TestNG.java:1134)
	at org.testng.TestNG.runSuites(TestNG.java:1063)
	at org.testng.TestNG.run(TestNG.java:1031)
	at com.intellij.rt.testng.IDEARemoteTestNG.run(IDEARemoteTestNG.java:66)
	at com.intellij.rt.testng.RemoteTestNGStarter.main(RemoteTestNGStarter.java:109)
</pre></div></td>
<td>0</td>
<td>TestNGTutorials.daysEdited.day3_API@7791a895</td></tr>
<tr>
<td title='TestNGTutorials.daysEdited.day3_Params.APICarLoan()'><b>APICarLoan</b><br>Test class: TestNGTutorials.daysEdited.day3_Params</td>
<td><div><pre>java.lang.Throwable: Method day3_Params.APICarLoan()[pri:0, instance:TestNGTutorials.daysEdited.day3_Params@6325a3ee] depends on not successfully finished methods
	at java.util.ArrayList.forEach(ArrayList.java:1249)
	at com.intellij.rt.testng.IDEARemoteTestNG.run(IDEARemoteTestNG.java:66)
	at com.intellij.rt.testng.RemoteTestNGStarter.main(RemoteTestNGStarter.java:109)
... Removed 15 stack frames</pre></div><a href='#' onClick='toggleBox("stack-trace265119009", this, "Click to show all stack frames", "Click to hide stack frames")'>Click to show all stack frames</a>
<div class='stack-trace' id='stack-trace265119009'><pre>java.lang.Throwable: Method day3_Params.APICarLoan()[pri:0, instance:TestNGTutorials.daysEdited.day3_Params@6325a3ee] depends on not successfully finished methods
	at org.testng.internal.TestInvoker.invokeTestMethods(TestInvoker.java:102)
	at org.testng.internal.TestMethodWorker.invokeTestMethods(TestMethodWorker.java:146)
	at org.testng.internal.TestMethodWorker.run(TestMethodWorker.java:128)
	at java.util.ArrayList.forEach(ArrayList.java:1249)
	at org.testng.TestRunner.privateRun(TestRunner.java:794)
	at org.testng.TestRunner.run(TestRunner.java:596)
	at org.testng.SuiteRunner.runTest(SuiteRunner.java:377)
	at org.testng.SuiteRunner.runSequentially(SuiteRunner.java:371)
	at org.testng.SuiteRunner.privateRun(SuiteRunner.java:332)
	at org.testng.SuiteRunner.run(SuiteRunner.java:276)
	at org.testng.SuiteRunnerWorker.runSuite(SuiteRunnerWorker.java:53)
	at org.testng.SuiteRunnerWorker.run(SuiteRunnerWorker.java:96)
	at org.testng.TestNG.runSuitesSequentially(TestNG.java:1212)
	at org.testng.TestNG.runSuitesLocally(TestNG.java:1134)
	at org.testng.TestNG.runSuites(TestNG.java:1063)
	at org.testng.TestNG.run(TestNG.java:1031)
	at com.intellij.rt.testng.IDEARemoteTestNG.run(IDEARemoteTestNG.java:66)
	at com.intellij.rt.testng.RemoteTestNGStarter.main(RemoteTestNGStarter.java:109)
</pre></div></td>
<td>0</td>
<td>TestNGTutorials.daysEdited.day3_Params@6325a3ee</td></tr>
</table><p>
</body>
</html>